<?xml version="1.0" encoding="UTF-8"?>
<testng-results skipped="3" failed="1" ignored="0" total="7" passed="3">
  <reporter-output>
  </reporter-output>
  <suite name="Suite" duration-ms="120905" started-at="2019-05-30T15:57:59Z" finished-at="2019-05-30T16:00:00Z">
    <groups>
    </groups>
    <test name="Test" duration-ms="120905" started-at="2019-05-30T15:57:59Z" finished-at="2019-05-30T16:00:00Z">
      <class name="com.test.ng.TestLoginFail">
        <test-method status="PASS" signature="setUp()[pri:0, instance:com.test.ng.TestLoginFail@55b7a4e0]" name="setUp" is-config="true" duration-ms="9496" started-at="2019-05-30T15:57:59Z" finished-at="2019-05-30T15:58:09Z">
          <reporter-output>
          </reporter-output>
        </test-method> <!-- setUp -->
        <test-method status="PASS" signature="testLoginfail()[pri:0, instance:com.test.ng.TestLoginFail@55b7a4e0]" name="testLoginfail" duration-ms="34245" started-at="2019-05-30T15:58:09Z" finished-at="2019-05-30T15:58:43Z">
          <reporter-output>
          </reporter-output>
        </test-method> <!-- testLoginfail -->
        <test-method status="PASS" signature="tearDown()[pri:0, instance:com.test.ng.TestLoginFail@55b7a4e0]" name="tearDown" is-config="true" duration-ms="3426" started-at="2019-05-30T15:58:43Z" finished-at="2019-05-30T15:58:46Z">
          <reporter-output>
          </reporter-output>
        </test-method> <!-- tearDown -->
      </class> <!-- com.test.ng.TestLoginFail -->
      <class name="com.test.ng.CreateAndSendMail">
        <test-method status="PASS" signature="setUp()[pri:0, instance:com.test.ng.CreateAndSendMail@192d43ce]" name="setUp" is-config="true" duration-ms="4811" started-at="2019-05-30T15:59:17Z" finished-at="2019-05-30T15:59:22Z">
          <reporter-output>
          </reporter-output>
        </test-method> <!-- setUp -->
        <test-method status="PASS" signature="createMail()[pri:0, instance:com.test.ng.CreateAndSendMail@192d43ce]" name="createMail" duration-ms="29884" started-at="2019-05-30T15:59:22Z" finished-at="2019-05-30T15:59:52Z">
          <reporter-output>
          </reporter-output>
        </test-method> <!-- createMail -->
        <test-method status="PASS" signature="tearDown()[pri:0, instance:com.test.ng.CreateAndSendMail@192d43ce]" name="tearDown" is-config="true" duration-ms="3278" started-at="2019-05-30T15:59:52Z" finished-at="2019-05-30T15:59:55Z">
          <reporter-output>
          </reporter-output>
        </test-method> <!-- tearDown -->
      </class> <!-- com.test.ng.CreateAndSendMail -->
      <class name="com.test.ng.DeleteMail">
        <test-method status="PASS" signature="setUp()[pri:0, instance:com.test.ng.DeleteMail@6eda5c9]" name="setUp" is-config="true" duration-ms="9496" started-at="2019-05-30T15:57:59Z" finished-at="2019-05-30T15:58:09Z">
          <reporter-output>
          </reporter-output>
        </test-method> <!-- setUp -->
        <test-method status="SKIP" signature="deleteMail()[pri:0, instance:com.test.ng.DeleteMail@6eda5c9]" name="deleteMail" duration-ms="36552" started-at="2019-05-30T15:58:09Z" finished-at="2019-05-30T15:58:45Z">
          <exception class="java.lang.IndexOutOfBoundsException">
            <message>
              <![CDATA[Index: 1, Size: 1]]>
            </message>
            <full-stacktrace>
              <![CDATA[java.lang.IndexOutOfBoundsException: Index: 1, Size: 1
at java.util.ArrayList.rangeCheck(ArrayList.java:653)
at java.util.ArrayList.get(ArrayList.java:429)
at com.test.ng.DeleteMail.deleteMail(DeleteMail.java:65)
at sun.reflect.NativeMethodAccessorImpl.invoke0(Native Method)
at sun.reflect.NativeMethodAccessorImpl.invoke(NativeMethodAccessorImpl.java:62)
at sun.reflect.DelegatingMethodAccessorImpl.invoke(DelegatingMethodAccessorImpl.java:43)
at java.lang.reflect.Method.invoke(Method.java:498)
at org.testng.internal.MethodInvocationHelper.invokeMethod(MethodInvocationHelper.java:124)
at org.testng.internal.Invoker.invokeMethod(Invoker.java:583)
at org.testng.internal.Invoker.invokeTestMethod(Invoker.java:719)
at org.testng.internal.Invoker.invokeTestMethods(Invoker.java:989)
at org.testng.internal.TestMethodWorker.invokeTestMethods(TestMethodWorker.java:125)
at org.testng.internal.TestMethodWorker.run(TestMethodWorker.java:109)
at java.util.concurrent.ThreadPoolExecutor.runWorker(ThreadPoolExecutor.java:1142)
at java.util.concurrent.ThreadPoolExecutor$Worker.run(ThreadPoolExecutor.java:617)
at java.lang.Thread.run(Thread.java:745)
]]>
            </full-stacktrace>
          </exception> <!-- java.lang.IndexOutOfBoundsException -->
          <reporter-output>
          </reporter-output>
        </test-method> <!-- deleteMail -->
        <test-method status="PASS" signature="tearDown()[pri:0, instance:com.test.ng.DeleteMail@6eda5c9]" name="tearDown" is-config="true" duration-ms="3214" started-at="2019-05-30T15:58:45Z" finished-at="2019-05-30T15:58:49Z">
          <reporter-output>
          </reporter-output>
        </test-method> <!-- tearDown -->
        <test-method status="PASS" signature="setUp()[pri:0, instance:com.test.ng.DeleteMail@6eda5c9]" name="setUp" is-config="true" duration-ms="2957" started-at="2019-05-30T15:58:49Z" finished-at="2019-05-30T15:58:52Z">
          <reporter-output>
          </reporter-output>
        </test-method> <!-- setUp -->
        <test-method status="SKIP" signature="deleteMail()[pri:0, instance:com.test.ng.DeleteMail@6eda5c9]" name="deleteMail" duration-ms="24627" started-at="2019-05-30T15:58:52Z" finished-at="2019-05-30T15:59:16Z">
          <exception class="java.lang.IndexOutOfBoundsException">
            <message>
              <![CDATA[Index: 1, Size: 1]]>
            </message>
            <full-stacktrace>
              <![CDATA[java.lang.IndexOutOfBoundsException: Index: 1, Size: 1
at java.util.ArrayList.rangeCheck(ArrayList.java:653)
at java.util.ArrayList.get(ArrayList.java:429)
at com.test.ng.DeleteMail.deleteMail(DeleteMail.java:65)
at sun.reflect.NativeMethodAccessorImpl.invoke0(Native Method)
at sun.reflect.NativeMethodAccessorImpl.invoke(NativeMethodAccessorImpl.java:62)
at sun.reflect.DelegatingMethodAccessorImpl.invoke(DelegatingMethodAccessorImpl.java:43)
at java.lang.reflect.Method.invoke(Method.java:498)
at org.testng.internal.MethodInvocationHelper.invokeMethod(MethodInvocationHelper.java:124)
at org.testng.internal.Invoker.invokeMethod(Invoker.java:583)
at org.testng.internal.Invoker.retryFailed(Invoker.java:839)
at org.testng.internal.Invoker.invokeTestMethods(Invoker.java:1010)
at org.testng.internal.TestMethodWorker.invokeTestMethods(TestMethodWorker.java:125)
at org.testng.internal.TestMethodWorker.run(TestMethodWorker.java:109)
at java.util.concurrent.ThreadPoolExecutor.runWorker(ThreadPoolExecutor.java:1142)
at java.util.concurrent.ThreadPoolExecutor$Worker.run(ThreadPoolExecutor.java:617)
at java.lang.Thread.run(Thread.java:745)
]]>
            </full-stacktrace>
          </exception> <!-- java.lang.IndexOutOfBoundsException -->
          <reporter-output>
          </reporter-output>
        </test-method> <!-- deleteMail -->
        <test-method status="PASS" signature="tearDown()[pri:0, instance:com.test.ng.DeleteMail@6eda5c9]" name="tearDown" is-config="true" duration-ms="3179" started-at="2019-05-30T15:59:16Z" finished-at="2019-05-30T15:59:19Z">
          <reporter-output>
          </reporter-output>
        </test-method> <!-- tearDown -->
        <test-method status="PASS" signature="setUp()[pri:0, instance:com.test.ng.DeleteMail@6eda5c9]" name="setUp" is-config="true" duration-ms="3247" started-at="2019-05-30T15:59:19Z" finished-at="2019-05-30T15:59:23Z">
          <reporter-output>
          </reporter-output>
        </test-method> <!-- setUp -->
        <test-method status="SKIP" signature="deleteMail()[pri:0, instance:com.test.ng.DeleteMail@6eda5c9]" name="deleteMail" duration-ms="17727" started-at="2019-05-30T15:59:23Z" finished-at="2019-05-30T15:59:40Z">
          <exception class="java.lang.IndexOutOfBoundsException">
            <message>
              <![CDATA[Index: 1, Size: 1]]>
            </message>
            <full-stacktrace>
              <![CDATA[java.lang.IndexOutOfBoundsException: Index: 1, Size: 1
at java.util.ArrayList.rangeCheck(ArrayList.java:653)
at java.util.ArrayList.get(ArrayList.java:429)
at com.test.ng.DeleteMail.deleteMail(DeleteMail.java:65)
at sun.reflect.NativeMethodAccessorImpl.invoke0(Native Method)
at sun.reflect.NativeMethodAccessorImpl.invoke(NativeMethodAccessorImpl.java:62)
at sun.reflect.DelegatingMethodAccessorImpl.invoke(DelegatingMethodAccessorImpl.java:43)
at java.lang.reflect.Method.invoke(Method.java:498)
at org.testng.internal.MethodInvocationHelper.invokeMethod(MethodInvocationHelper.java:124)
at org.testng.internal.Invoker.invokeMethod(Invoker.java:583)
at org.testng.internal.Invoker.retryFailed(Invoker.java:839)
at org.testng.internal.Invoker.invokeTestMethods(Invoker.java:1010)
at org.testng.internal.TestMethodWorker.invokeTestMethods(TestMethodWorker.java:125)
at org.testng.internal.TestMethodWorker.run(TestMethodWorker.java:109)
at java.util.concurrent.ThreadPoolExecutor.runWorker(ThreadPoolExecutor.java:1142)
at java.util.concurrent.ThreadPoolExecutor$Worker.run(ThreadPoolExecutor.java:617)
at java.lang.Thread.run(Thread.java:745)
]]>
            </full-stacktrace>
          </exception> <!-- java.lang.IndexOutOfBoundsException -->
          <reporter-output>
          </reporter-output>
        </test-method> <!-- deleteMail -->
        <test-method status="PASS" signature="tearDown()[pri:0, instance:com.test.ng.DeleteMail@6eda5c9]" name="tearDown" is-config="true" duration-ms="3174" started-at="2019-05-30T15:59:40Z" finished-at="2019-05-30T15:59:44Z">
          <reporter-output>
          </reporter-output>
        </test-method> <!-- tearDown -->
        <test-method status="PASS" signature="setUp()[pri:0, instance:com.test.ng.DeleteMail@6eda5c9]" name="setUp" is-config="true" duration-ms="3688" started-at="2019-05-30T15:59:44Z" finished-at="2019-05-30T15:59:47Z">
          <reporter-output>
          </reporter-output>
        </test-method> <!-- setUp -->
        <test-method status="FAIL" signature="deleteMail()[pri:0, instance:com.test.ng.DeleteMail@6eda5c9]" name="deleteMail" duration-ms="9699" started-at="2019-05-30T15:59:47Z" finished-at="2019-05-30T15:59:57Z">
          <exception class="java.lang.IndexOutOfBoundsException">
            <message>
              <![CDATA[Index: 1, Size: 1]]>
            </message>
            <full-stacktrace>
              <![CDATA[java.lang.IndexOutOfBoundsException: Index: 1, Size: 1
at java.util.ArrayList.rangeCheck(ArrayList.java:653)
at java.util.ArrayList.get(ArrayList.java:429)
at com.test.ng.DeleteMail.deleteMail(DeleteMail.java:65)
at sun.reflect.NativeMethodAccessorImpl.invoke0(Native Method)
at sun.reflect.NativeMethodAccessorImpl.invoke(NativeMethodAccessorImpl.java:62)
at sun.reflect.DelegatingMethodAccessorImpl.invoke(DelegatingMethodAccessorImpl.java:43)
at java.lang.reflect.Method.invoke(Method.java:498)
at org.testng.internal.MethodInvocationHelper.invokeMethod(MethodInvocationHelper.java:124)
at org.testng.internal.Invoker.invokeMethod(Invoker.java:583)
at org.testng.internal.Invoker.retryFailed(Invoker.java:839)
at org.testng.internal.Invoker.invokeTestMethods(Invoker.java:1010)
at org.testng.internal.TestMethodWorker.invokeTestMethods(TestMethodWorker.java:125)
at org.testng.internal.TestMethodWorker.run(TestMethodWorker.java:109)
at java.util.concurrent.ThreadPoolExecutor.runWorker(ThreadPoolExecutor.java:1142)
at java.util.concurrent.ThreadPoolExecutor$Worker.run(ThreadPoolExecutor.java:617)
at java.lang.Thread.run(Thread.java:745)
]]>
            </full-stacktrace>
          </exception> <!-- java.lang.IndexOutOfBoundsException -->
          <reporter-output>
          </reporter-output>
        </test-method> <!-- deleteMail -->
        <test-method status="PASS" signature="tearDown()[pri:0, instance:com.test.ng.DeleteMail@6eda5c9]" name="tearDown" is-config="true" duration-ms="3154" started-at="2019-05-30T15:59:57Z" finished-at="2019-05-30T16:00:00Z">
          <reporter-output>
          </reporter-output>
        </test-method> <!-- tearDown -->
      </class> <!-- com.test.ng.DeleteMail -->
      <class name="com.test.ng.LoginTestNG">
        <test-method status="PASS" signature="beforeMethod()[pri:0, instance:com.test.ng.LoginTestNG@5f058f00]" name="beforeMethod" is-config="true" duration-ms="3515" started-at="2019-05-30T15:58:46Z" finished-at="2019-05-30T15:58:50Z">
          <reporter-output>
          </reporter-output>
        </test-method> <!-- beforeMethod -->
        <test-method status="PASS" signature="login()[pri:0, instance:com.test.ng.LoginTestNG@5f058f00]" name="login" duration-ms="25947" started-at="2019-05-30T15:58:50Z" finished-at="2019-05-30T15:59:16Z">
          <reporter-output>
          </reporter-output>
        </test-method> <!-- login -->
        <test-method status="PASS" signature="afterMethod()[pri:0, instance:com.test.ng.LoginTestNG@5f058f00]" name="afterMethod" is-config="true" duration-ms="1149" started-at="2019-05-30T15:59:16Z" finished-at="2019-05-30T15:59:17Z">
          <reporter-output>
          </reporter-output>
        </test-method> <!-- afterMethod -->
      </class> <!-- com.test.ng.LoginTestNG -->
    </test> <!-- Test -->
  </suite> <!-- Suite -->
</testng-results>
